1613047953718	geckodriver	INFO	Listening on 127.0.0.1:50135
1613047956796	mozrunner::runner	INFO	Running command: "C:\\Program Files\\Mozilla Firefox\\firefox.exe" "--marionette" "-foreground" "-no-remote" "-profile" "C:\\Users\\david\\AppData\\Local\\Temp\\rust_mozprofileONcWsl"
*** You are running in headless mode.
console.warn: SearchSettings: "get: No settings file exists, new profile?" (new Error("", "(unknown module)"))
1613047962158	Marionette	INFO	Listening on port 50144
1613047962738	Marionette	WARN	TLS certificate errors will be ignored for this session
1613047962749	Marionette	ERROR	[18] No reply from Marionette:Register
console.warn: SearchSettings: "get: No settings file exists, new profile?" (new Error("", "(unknown module)"))
JavaScript error: https://tagmanager.smartadserver.com/1507/81320/smart.prebid.js, line 32: TypeError: can't convert undefined to object
JavaScript error: https://tagmanager.smartadserver.com/1507/81320/smart.prebid.js, line 32: TypeError: can't convert undefined to object
JavaScript error: https://tagmanager.smartadserver.com/1507/81320/smart.prebid.js, line 32: TypeError: can't convert undefined to object
JavaScript error: https://tagmanager.smartadserver.com/1507/81320/smart.prebid.js, line 32: TypeError: can't convert undefined to object
JavaScript error: https://tagmanager.smartadserver.com/1507/81320/smart.prebid.js, line 32: TypeError: can't convert undefined to object
JavaScript error: https://tagmanager.smartadserver.com/1507/81320/smart.prebid.js, line 32: TypeError: can't convert undefined to object
JavaScript error: https://tagmanager.smartadserver.com/1507/81320/sExiting due to channel error.
ror: can't convert undefined to object
JavaScript error: https://tagmanager.smartadserver.com/1507/81320/smart.prebid.js, line 32: TypeError: can't convert undefined to object
JavaScript error: https://tagmanager.smartadserver.com/1507/81320/smart.prebid.js, line 32: TypeError: can't convert undefined to object
JavaScript error: https://tagmanager.smartadserver.com/1507/81320/smart.prebid.js, line 32: TypeError: can't convert undefined to object
JavaScript error: https://tagmanager.smartadserver.com/1507/81320/smart.prebid.js, line 32: TypeError: can't convert undefined to object
JavaScript error: https://tagmanager.smartadserver.com/1507/81320/smart.prebid.js, line 32: TypeError: can't convert undefined to objeExiting due to channel error.
Exiting due to channel error.
7/81320/smart.prebid.js, line 32: TypeError: can't convert undefined to object
JavaScript error: https://tagmanager.smartadserver.com/1507/81320/smart.prebid.js, line 32: TypeError: can't convert undefined to object
JavaScript error: https://tagmanager.smartadserver.com/1507/81320/smart.prebid.js, line 32: TypeError: can't convert undefined to object
JavaScript error: https://ec-ns.sascdn.com/diff/rtb/handler/st.min.html?%7b%22bid%22%3a%22447087976613336422%22%2c%22adomain%22%3a%22elcorteingles.es%22%2c%22page%22%3a%22657030%22%2c%22format%22%3a%2240121%22%2c%22crid%22%3a%2243688954%22%2c%22dsp%22%3a%2222%22%2c%22buyer%22%3a%22137265%22%2c%22cid%22%3a%222275341%22%2c%22adid%22%3a%2243688954%22%2c%22hash%22%3a%223877330232684835671%22%7d, line 1: SecurityError: The operation is insecure.
JavaScript error: https://tagmanager.smartadserver.com/1507/81320/smart.prebid.js, line 32: TypeError: can't convert undefined to object
Exiting due to channel error.
"C:\\Users\\david\\AppData\\Local\\Temp\\rust_mozprofilexKn4rp"
*** You are running in headless mode.
console.warn: SearchSettings: "get: No settings file exists, new profile?" (new Error("", "(unknown module)"))
1613055952820	Marionette	INFO	Listening on port 54917
1613055953119	Marionette	WARN	TLS certificate errors will be ignored for this session
1613055953133	Marionette	ERROR	[18] No reply from Marionette:Register
JavaScript error: , line 0: uncaught exception: undefined
console.warn: SearchSettings: "get: No settings file exists, new profile?" (new Error("", "(unknown module)"))
Exiting due to channel error.
Listening on 127.0.0.1:55013
1613055979811	mozrunner::runner	INFO	Running command: "C:\\Program Files\\Mozilla Firefox\\firefox.exe" "--marionette" "-foreground" "-no-remote" "-profile" "C:\\Users\\david\\AppData\\Local\\Temp\\rust_mozprofileFFPFzP"
*** You are running in headless mode.
console.warn: SearchSettings: "get: No settings file exists, new profile?" (new Error("", "(unknown module)"))
1613055984568	Marionette	INFO	Listening on port 55023
1613055984650	Marionette	WARN	TLS certificate errors will be ignored for this session
1613055984660	Marionette	ERROR	[15] No reply from Marionette:Register
JavaScript error: , line 0: uncaught exception: undefined
console.warn: SearchSettings: "get: No settings file exists, new profile?" (new Error("", "(unknown module)"))
Exiting due to channel error.
Listening on 127.0.0.1:55137
1613056042628	mozrunner::runner	INFO	Running command: "C:\\Program Files\\Mozilla Firefox\\firefox.exe" "--marionette" "-foreground" "-no-remote" "-profile" "C:\\Users\\david\\AppData\\Local\\Temp\\rust_mozprofileEqcAg9"
*** You are running in headless mode.
console.warn: SearchSettings: "get: No settings file exists, new profile?" (new Error("", "(unknown module)"))
1613056047519	Marionette	INFO	Listening on port 55148
1613056047991	Marionette	WARN	TLS certificate errors will be ignored for this session
1613056048005	Marionette	ERROR	[15] No reply from Marionette:Register
JavaScript error: , line 0: uncaught exception: undefined
console.warn: SearchSettings: "get: No settings file exists, new profile?" (new Error("", "(unknown module)"))
Exiting due to channel error.
Listening on 127.0.0.1:55282
1613056101230	mozrunner::runner	INFO	Running command: "C:\\Program Files\\Mozilla Firefox\\firefox.exe" "--marionette" "-foreground" "-no-remote" "-profile" "C:\\Users\\david\\AppData\\Local\\Temp\\rust_mozprofileH6iX5a"
*** You are running in headless mode.
console.warn: SearchSettings: "get: No settings file exists, new profile?" (new Error("", "(unknown module)"))
1613056107464	Marionette	INFO	Listening on port 55292
1613056107605	Marionette	WARN	TLS certificate errors will be ignored for this session
1613056107617	Marionette	ERROR	[15] No reply from Marionette:Register
JavaScript error: , line 0: uncaught exception: undefined
console.warn: SearchSettings: "get: No settings file exists, new profile?" (new Error("", "(unknown module)"))
Exiting due to channel error.
Listening on 127.0.0.1:55424
1613056185273	mozrunner::runner	INFO	Running command: "C:\\Program Files\\Mozilla Firefox\\firefox.exe" "--marionette" "-foreground" "-no-remote" "-profile" "C:\\Users\\david\\AppData\\Local\\Temp\\rust_mozprofileCC5xtJ"
*** You are running in headless mode.
console.warn: SearchSettings: "get: No settings file exists, new profile?" (new Error("", "(unknown module)"))
1613056190905	Marionette	INFO	Listening on port 55433
1613056191132	Marionette	WARN	TLS certificate errors will be ignored for this session
1613056191146	Marionette	ERROR	[15] No reply from Marionette:Register
JavaScript error: , line 0: uncaught exception: undefined
console.warn: SearchSettings: "get: No settings file exists, new profile?" (new Error("", "(unknown module)"))
1613056455080	geckodriver	INFO	Listening on 127.0.0.1:55737
1613056458095	mozrunner::runner	INFO	Running command: "C:\\Program Files\\Mozilla Firefox\\firefox.exe" "--marionette" "-foreground" "-no-remote" "-profile" "C:\\Users\\david\\AppData\\Local\\Temp\\rust_mozprofileaQzh9n"
*** You are running in headless mode.
console.warn: SearchSettings: "get: No settings file exists, new profile?" (new Error("", "(unknown module)"))
[Parent 16020, IPC I/O Parent] WARNING: file /builds/worker/checkouts/gecko/ipc/chromium/src/base/process_util_win.cc:167
1613056465873	Marionette	INFO	Listening on port 55746
1613056466597	Marionette	WARN	TLS certificate errors will be ignored for this session
1613056466610	Marionette	ERROR	[18] No reply from Marionette:Register
JavaScript error: , line 0: uncaught exception: undefined
console.warn: SearchSettings: "get: No settings file exists, new profile?" (new Error("", "(unknown module)"))
Exiting due to channel error.
Listening on 127.0.0.1:57296
1613059139200	mozrunner::runner	INFO	Running command: "C:\\Program Files\\Mozilla Firefox\\firefox.exe" "--marionette" "-foreground" "-no-remote" "-profile" "C:\\Users\\david\\AppData\\Local\\Temp\\rust_mozprofileT8tED7"
*** You are running in headless mode.
console.warn: SearchSettings: "get: No settings file exists, new profile?" (new Error("", "(unknown module)"))
1613059143597	Marionette	INFO	Listening on port 57306
1613059144066	Marionette	WARN	TLS certificate errors will be ignored for this session
1613059144116	Marionette	ERROR	[18] No reply from Marionette:Register
console.warn: SearchSettings: "get: No settings file exists, new profile?" (new Error("", "(unknown module)"))
Exiting due to channel error.
Listening on 127.0.0.1:57664
1613059579276	mozrunner::runner	INFO	Running command: "C:\\Program Files\\Mozilla Firefox\\firefox.exe" "--marionette" "-foreground" "-no-remote" "-profile" "C:\\Users\\david\\AppData\\Local\\Temp\\rust_mozprofileidBH9z"
*** You are running in headless mode.
console.warn: SearchSettings: "get: No settings file exists, new profile?" (new Error("", "(unknown module)"))
[Parent 24712, IPC I/O Parent] WARNING: file /builds/worker/checkouts/gecko/ipc/chromium/src/base/process_util_win.cc:167
1613059585509	Marionette	INFO	Listening on port 57675
1613059585645	Marionette	WARN	TLS certificate errors will be ignored for this session
1613059585663	Marionette	ERROR	[18] No reply from Marionette:Register
console.warn: SearchSettings: "get: No settings file exists, new profile?" (new Error("", "(unknown module)"))
Exiting due to channel error.
Exiting due to channel error.
13059670011	mozrunner::runner	INFO	Running command: "C:\\Program Files\\Mozilla Firefox\\firefox.exe" "--marionette" "-foreground" "-no-remote" "-profile" "C:\\Users\\david\\AppData\\Local\\Temp\\rust_mozprofileQ8xdme"
*** You are running in headless mode.
console.warn: SearchSettings: "get: No settings file exists, new profile?" (new Error("", "(unknown module)"))
1613059675260	Marionette	INFO	Listening on port 57850
1613059675364	Marionette	WARN	TLS certificate errors will be ignored for this session
1613059675381	Marionette	ERROR	[18] No reply from Marionette:Register
console.warn: SearchSettings: "get: No settings file exists, new profile?" (new Error("", "(unknown module)"))
Exiting due to channel error.
Exiting due to channel error.
13060048361	mozrunner::runner	INFO	Running command: "C:\\Program Files\\Mozilla Firefox\\firefox.exe" "--marionette" "-foreground" "-no-remote" "-profile" "C:\\Users\\david\\AppData\\Local\\Temp\\rust_mozprofileNl0Dqh"
console.warn: SearchSettings: "get: No settings file exists, new profile?" (new Error("", "(unknown module)"))
1613060057453	Marionette	INFO	Listening on port 58160
1613060057982	Marionette	WARN	TLS certificate errors will be ignored for this session
1613060057997	Marionette	ERROR	[15] No reply from Marionette:Register
console.warn: SearchSettings: "get: No settings file exists, new profile?" (new Error("", "(unknown module)"))
1613060089441	Marionette	INFO	Stopped listening on port 58160
1613060102398	geckodriver	INFO	Listening on 127.0.0.1:58311
1613060105417	mozrunner::runner	INFO	Running command: "C:\\Program Files\\Mozilla Firefox\\firefox.exe" "--marionette" "-foreground" "-no-remote" "-profile" "C:\\Users\\david\\AppData\\Local\\Temp\\rust_mozprofileJJAKxg"
console.warn: SearchSettings: "get: No settings file exists, new profile?" (new Error("", "(unknown module)"))
1613060112284	Marionette	INFO	Listening on port 58321
1613060112394	Marionette	WARN	TLS certificate errors will be ignored for this session
1613060112429	Marionette	ERROR	[15] No reply from Marionette:Register
JavaScript error: , line 0: uncaught exception: undefined
console.warn: SearchSettings: "get: No settings file exists, new profile?" (new Error("", "(unknown module)"))
SourceActor threw an exception: [Exception... "Component returned failure code: 0x80470002 (NS_BASE_STREAM_CLOSED) [nsIInputStream.available]"  nsresult: "0x80470002 (NS_BASE_STREAM_CLOSED)"  location: "JS frame :: resource://devtools/shared/DevToolsUtils.js :: onResponse :: line 567"  data: no]
Stack: onResponse@resource://devtools/shared/DevToolsUtils.js:567:34
onStopRequest@resource://gre/modules/NetUtil.jsm:128:18
Line: 567, column: 0
console.error: ({})
JavaScript error: resource://devtools/shared/DevToolsUtils.js, line 567: NS_BASE_STREAM_CLOSED: Component returned failure code: 0x80470002 (NS_BASE_STREAM_CLOSED) [nsIInputStream.available]
JavaScript error: resource:///modules/UrlbarInput.jsm, line 2915: TypeError: event.target.closest is not a function
1613061185282	Marionette	INFO	Stopped listening on port 58321

###!!! [Child][RunMessage] Error: Channel closing: too late to send/recv, messages will be lost

1613075633846	geckodriver	INFO	Listening on 127.0.0.1:62816
1613075636878	mozrunner::runner	INFO	Running command: "C:\\Program Files\\Mozilla Firefox\\firefox.exe" "--marionette" "--disable-extensions" "--headless" "-foreground" "-no-remote" "-profile" "C:\\Users\\david\\AppData\\Local\\Temp\\rust_mozprofileP3ZTw5"
*** You are running in headless mode.
console.warn: SearchSettings: "get: No settings file exists, new profile?" (new Error("", "(unknown module)"))
1613075641430	Marionette	INFO	Listening on port 62825
1613075641673	Marionette	WARN	TLS certificate errors will be ignored for this session
1613075641685	Marionette	ERROR	[18] No reply from Marionette:Register
console.warn: SearchSettings: "get: No settings file exists, new profile?" (new Error("", "(unknown module)"))
console.log: WebExtensions: reset-default-search: No addons in our list are installed.
ner	INFO	Running command: "C:\\Program Files\\Mozilla Firefox\\firefox.exe" "--marionette" "--disable-extensions" "-foreground" "-no-remote" "-profile" "C:\\Users\\david\\AppData\\Local\\Temp\\rust_mozprofileV5vw5h"
console.warn: SearchSettings: "get: No settings file exists, new profile?" (new Error("", "(unknown module)"))
1613075678513	Marionette	INFO	Listening on port 62918
1613075678822	Marionette	WARN	TLS certificate errors will be ignored for this session
1613075678835	Marionette	ERROR	[18] No reply from Marionette:Register
console.warn: SearchSettings: "get: No settings file exists, new profile?" (new Error("", "(unknown module)"))
SourceActor threw an exception: [Exception... "Component returned failure code: 0x80470002 (NS_BASE_STREAM_CLOSED) [nsIInputStream.available]"  nsresult: "0x80470002 (NS_BASE_STREAM_CLOSED)"  location: "JS frame :: resource://devtools/shared/DevToolsUtils.js :: onResponse :: line 567"  data: no]
Stack: onResponse@resource://devtools/shared/DevToolsUtils.js:567:34
onStopRequest@resource://gre/modules/NetUtil.jsm:128:18
Line: 567, column: 0
console.error: ({})
JavaScript error: resource://devtools/shared/DevToolsUtils.js, line 567: NS_BASE_STREAM_CLOSED: Component returned failure code: 0x80470002 (NS_BASE_STREAM_CLOSED) [nsIInputStream.available]
JavaScript error: resource://activity-stream/lib/ASRouter.jsm, line 987: NS_ERROR_ILLEGAL_VALUE: Component returned failure code: 0x80070057 (NS_ERROR_ILLEGAL_VALUE) [nsIObserverService.removeObserver]
[Parent 18856, IPC I/O Parent] WARNING: file /builds/worker/checkouts/gecko/ipc/chromium/src/base/process_util_win.cc:167
1613075837586	Marionette	INFO	Stopped listening on port 62918
1613075838533	geckodriver	INFO	Listening on 127.0.0.1:63034
1613075841577	mozrunner::runner	INFO	Running command: "C:\\Program Files\\Mozilla Firefox\\firefox.exe" "--marionette" "--disable-extensions" "-foreground" "-no-remote" "-profile" "C:\\Users\\david\\AppData\\Local\\Temp\\rust_mozprofilejTpHYn"
console.warn: SearchSettings: "get: No settings file exists, new profile?" (new Error("", "(unknown module)"))
1613075846986	Marionette	INFO	Listening on port 63042
1613075847419	Marionette	WARN	TLS certificate errors will be ignored for this session
1613075847434	Marionette	ERROR	[18] No reply from Marionette:Register
console.warn: SearchSettings: "get: No settings file exists, new profile?" (new Error("", "(unknown module)"))
SourceActor threw an exception: [Exception... "Component returned failure code: 0x80470002 (NS_BASE_STREAM_CLOSED) [nsIInputStream.available]"  nsresult: "0x80470002 (NS_BASE_STREAM_CLOSED)"  location: "JS frame :: resource://devtools/shared/DevToolsUtils.js :: onResponse :: line 567"  data: no]
Stack: onResponse@resource://devtools/shared/DevToolsUtils.js:567:34
onStopRequest@resource://gre/modules/NetUtil.jsm:128:18
Line: 567, column: 0
console.error: ({})
JavaScript error: resource://devtools/shared/DevToolsUtils.js, line 567: NS_BASE_STREAM_CLOSED: Component returned failure code: 0x80470002 (NS_BASE_STREAM_CLOSED) [nsIInputStream.available]
console.log: WebExtensions: reset-default-search: No addons in our list are installed.
JavaScript error: resource://activity-stream/lib/ASRouter.jsm, line 987: NS_ERROR_ILLEGAL_VALUE: Component returned failure code: 0x80070057 (NS_ERROR_ILLEGAL_VALUE) [nsIObserverService.removeObserver]
1613090165785	Marionette	INFO	Stopped listening on port 63042

###!!! [Child][RunMessage] Error: Channel closing: too late to send/recv, messages will be lost

1613129340950	geckodriver	INFO	Listening on 127.0.0.1:50245
1613129343835	mozrunner::runner	INFO	Running command: "C:\\Program Files\\Mozilla Firefox\\firefox.exe" "--marionette" "-foreground" "-no-remote" "-profile" "C:\\Users\\david\\AppData\\Local\\Temp\\rust_mozprofilekjZdGR"
console.warn: SearchSettings: "get: No settings file exists, new profile?" (new Error("", "(unknown module)"))
1613129355522	Marionette	INFO	Listening on port 50253
console.warn: SearchSettings: "get: No settings file exists, new profile?" (new Error("", "(unknown module)"))
1613129420060	Marionette	INFO	Stopped listening on port 50253

###!!! [Child][RunMessage] Error: Channel closing: too late to send/recv, messages will be lost

